CRITICAL - 2024-08-12 22:53:41 --> ArgumentCountError: Too few arguments to function App\Controllers\panel_controller::__construct(), 0 passed in C:\xampp\htdocs\primer_proyecto\system\CodeIgniter.php on line 903 and exactly 2 expected
[Method: GET, Route: panel]
in APPPATH\Controllers\panel_controller.php on line 13.
 1 SYSTEMPATH\CodeIgniter.php(903): App\Controllers\panel_controller->__construct()
 2 SYSTEMPATH\CodeIgniter.php(500): CodeIgniter\CodeIgniter->createController()
 3 SYSTEMPATH\CodeIgniter.php(355): CodeIgniter\CodeIgniter->handleRequest(null, Object(Config\Cache), false)
 4 SYSTEMPATH\Boot.php(325): CodeIgniter\CodeIgniter->run()
 5 SYSTEMPATH\Boot.php(67): CodeIgniter\Boot::runCodeIgniter(Object(CodeIgniter\CodeIgniter))
 6 FCPATH\index.php(56): CodeIgniter\Boot::bootWeb(Object(Config\Paths))
CRITICAL - 2024-08-12 22:54:02 --> ArgumentCountError: Too few arguments to function App\Controllers\panel_controller::__construct(), 0 passed in C:\xampp\htdocs\primer_proyecto\system\CodeIgniter.php on line 903 and exactly 2 expected
[Method: GET, Route: panel]
in APPPATH\Controllers\panel_controller.php on line 13.
 1 SYSTEMPATH\CodeIgniter.php(903): App\Controllers\panel_controller->__construct()
 2 SYSTEMPATH\CodeIgniter.php(500): CodeIgniter\CodeIgniter->createController()
 3 SYSTEMPATH\CodeIgniter.php(355): CodeIgniter\CodeIgniter->handleRequest(null, Object(Config\Cache), false)
 4 SYSTEMPATH\Boot.php(325): CodeIgniter\CodeIgniter->run()
 5 SYSTEMPATH\Boot.php(67): CodeIgniter\Boot::runCodeIgniter(Object(CodeIgniter\CodeIgniter))
 6 FCPATH\index.php(56): CodeIgniter\Boot::bootWeb(Object(Config\Paths))
CRITICAL - 2024-08-12 22:59:02 --> ArgumentCountError: Too few arguments to function App\Controllers\panel_controller::__construct(), 0 passed in C:\xampp\htdocs\primer_proyecto\system\CodeIgniter.php on line 903 and exactly 2 expected
[Method: GET, Route: panel]
in APPPATH\Controllers\panel_controller.php on line 13.
 1 SYSTEMPATH\CodeIgniter.php(903): App\Controllers\panel_controller->__construct()
 2 SYSTEMPATH\CodeIgniter.php(500): CodeIgniter\CodeIgniter->createController()
 3 SYSTEMPATH\CodeIgniter.php(355): CodeIgniter\CodeIgniter->handleRequest(null, Object(Config\Cache), false)
 4 SYSTEMPATH\Boot.php(325): CodeIgniter\CodeIgniter->run()
 5 SYSTEMPATH\Boot.php(67): CodeIgniter\Boot::runCodeIgniter(Object(CodeIgniter\CodeIgniter))
 6 FCPATH\index.php(56): CodeIgniter\Boot::bootWeb(Object(Config\Paths))
